Build started 2/10/2014 5:23:18 PM.
     1>Project "F:\GitHub Projects\Project1\Project 1A\Project 1A\Project 1A.vcxproj" on node 2 (build target(s)).
     1>InitializeBuildStatus:
         Creating "Debug\Project 1A.unsuccessfulbuild" because "AlwaysCreate" was specified.
       ClCompile:
         C:\Program Files (x86)\Microsoft Visual Studio 10.0\VC\bin\CL.exe /c /ZI /nologo /W3 /WX- /Od /Oy- /D WIN32 /D _DEBUG /D _CONSOLE /D _UNICODE /D UNICODE /Gm /EHsc /RTC1 /MDd /GS /fp:precise /Zc:wchar_t /Zc:forScope /Fo"Debug\\" /Fd"Debug\vc100.pdb" /Gd /TP /analyze- /errorReport:prompt GeneticAlgorithm.cpp Population.cpp main.cpp
         Population.cpp
     1>f:\github projects\project1\project 1a\project 1a\population.cpp(23): warning C4101: 'tmp' : unreferenced local variable
         GeneticAlgorithm.cpp
     1>f:\github projects\project1\project 1a\project 1a\geneticalgorithm.cpp(31): warning C4101: 'tmp' : unreferenced local variable
     1>f:\github projects\project1\project 1a\project 1a\geneticalgorithm.cpp(84): warning C4101: 'tmp' : unreferenced local variable
     1>f:\github projects\project1\project 1a\project 1a\geneticalgorithm.cpp(114): warning C4101: 'tmp' : unreferenced local variable
     1>f:\github projects\project1\project 1a\project 1a\geneticalgorithm.cpp(157): warning C4101: 'tmp' : unreferenced local variable
         Generating Code...
         Skipping... (no relevant changes detected)
         main.cpp
       Link:
         C:\Program Files (x86)\Microsoft Visual Studio 10.0\VC\bin\link.exe /ERRORREPORT:PROMPT /OUT:"F:\GitHub Projects\Project1\Project 1A\Debug\Project 1A.exe" /INCREMENTAL:NO /NOLOGO kernel32.lib user32.lib gdi32.lib winspool.lib comdlg32.lib advapi32.lib shell32.lib ole32.lib oleaut32.lib uuid.lib odbc32.lib odbccp32.lib /MANIFEST /ManifestFile:"Debug\Project 1A.exe.intermediate.manifest" /MANIFESTUAC:"level='asInvoker' uiAccess='false'" /DEBUG /PDB:"F:\GitHub Projects\Project1\Project 1A\Debug\Project 1A.pdb" /SUBSYSTEM:CONSOLE /TLBID:1 /DYNAMICBASE /NXCOMPAT /IMPLIB:"F:\GitHub Projects\Project1\Project 1A\Debug\Project 1A.lib" /MACHINE:X86 Debug\function.obj
         Debug\GeneticAlgorithm.obj
         Debug\Individual.obj
         Debug\main.obj
         Debug\Population.obj
         Debug\Schwefel.obj
         Debug\Sphere.obj
     1>function.obj : warning LNK4075: ignoring '/EDITANDCONTINUE' due to '/INCREMENTAL:NO' specification
         Project 1A.vcxproj -> F:\GitHub Projects\Project1\Project 1A\Debug\Project 1A.exe
       Manifest:
         C:\Program Files (x86)\Microsoft SDKs\Windows\v7.0A\bin\mt.exe /nologo /verbose /outputresource:"F:\GitHub Projects\Project1\Project 1A\Debug\Project 1A.exe;#1" /manifest "Debug\Project 1A.exe.intermediate.manifest"
       FinalizeBuildStatus:
         Deleting file "Debug\Project 1A.unsuccessfulbuild".
         Touching "Debug\Project 1A.lastbuildstate".
     1>Done Building Project "F:\GitHub Projects\Project1\Project 1A\Project 1A\Project 1A.vcxproj" (build target(s)).

Build succeeded.

Time Elapsed 00:00:00.85
